100.10.29 20:59 B c:\docs\web\mirrorshades.new\viridian\notes\1-75\Note 00001.txt <-- viridiandesign /www/domains/viridiandesign.org/webdocs/notes/1-100 Note 00001.txt
100.10.29 20:59 B c:\docs\web\mirrorshades.new\viridian\notes\1-75\Note 00002.txt <-- viridiandesign /www/domains/viridiandesign.org/webdocs/notes/1-100 Note 00002.txt
100.10.29 20:59 B c:\docs\web\mirrorshades.new\viridian\notes\1-75\Note 00003.txt <-- viridiandesign /www/domains/viridiandesign.org/webdocs/notes/1-100 Note 00003.txt
100.10.29 20:59 B c:\docs\web\mirrorshades.new\viridian\notes\1-75\Note 00004.txt <-- viridiandesign /www/domains/viridiandesign.org/webdocs/notes/1-100 Note 00004.txt
100.10.29 20:59 B c:\docs\web\mirrorshades.new\viridian\notes\1-75\Note 00005.txt <-- viridiandesign /www/domains/viridiandesign.org/webdocs/notes/1-100 Note 00005.txt
100.10.29 20:59 B c:\docs\web\mirrorshades.new\viridian\notes\1-75\Note 00006.txt <-- viridiandesign /www/domains/viridiandesign.org/webdocs/notes/1-100 Note 00006.txt
100.10.29 20:59 B c:\docs\web\mirrorshades.new\viridian\notes\1-75\Note 00007.txt <-- viridiandesign /www/domains/viridiandesign.org/webdocs/notes/1-100 Note 00007.txt
100.10.29 20:59 B c:\docs\web\mirrorshades.new\viridian\notes\1-75\Note 00008.txt <-- viridiandesign /www/domains/viridiandesign.org/webdocs/notes/1-100 Note 00008.txt
100.10.29 20:59 B c:\docs\web\mirrorshades.new\viridian\notes\1-75\Note 00009.txt <-- viridiandesign /www/domains/viridiandesign.org/webdocs/notes/1-100 Note 00009.txt
100.10.29 20:59 B c:\docs\web\mirrorshades.new\viridian\notes\1-75\Note 00010.txt <-- viridiandesign /www/domains/viridiandesign.org/webdocs/notes/1-100 Note 00010.txt
100.10.29 20:59 B c:\docs\web\mirrorshades.new\viridian\notes\1-75\Note 00011.txt <-- viridiandesign /www/domains/viridiandesign.org/webdocs/notes/1-100 Note 00011.txt
100.10.29 20:59 B c:\docs\web\mirrorshades.new\viridian\notes\1-75\Note 00012.txt <-- viridiandesign /www/domains/viridiandesign.org/webdocs/notes/1-100 Note 00012.txt
100.10.29 20:59 B c:\docs\web\mirrorshades.new\viridian\notes\1-75\Note 00013.txt <-- viridiandesign /www/domains/viridiandesign.org/webdocs/notes/1-100 Note 00013.txt
100.10.29 20:59 B c:\docs\web\mirrorshades.new\viridian\notes\1-75\Note 00014.txt <-- viridiandesign /www/domains/viridiandesign.org/webdocs/notes/1-100 Note 00014.txt
100.10.29 20:59 B c:\docs\web\mirrorshades.new\viridian\notes\1-75\Note 00015.txt <-- viridiandesign /www/domains/viridiandesign.org/webdocs/notes/1-100 Note 00015.txt
100.10.29 20:59 B c:\docs\web\mirrorshades.new\viridian\notes\1-75\Note 00016.txt <-- viridiandesign /www/domains/viridiandesign.org/webdocs/notes/1-100 Note 00016.txt
100.10.29 20:59 B c:\docs\web\mirrorshades.new\viridian\notes\1-75\Note 00017.txt <-- viridiandesign /www/domains/viridiandesign.org/webdocs/notes/1-100 Note 00017.txt
100.10.29 20:59 B c:\docs\web\mirrorshades.new\viridian\notes\1-75\Note 00018.txt <-- viridiandesign /www/domains/viridiandesign.org/webdocs/notes/1-100 Note 00018.txt
100.10.29 20:59 B c:\docs\web\mirrorshades.new\viridian\notes\1-75\Note 00019.txt <-- viridiandesign /www/domains/viridiandesign.org/webdocs/notes/1-100 Note 00019.txt
100.10.29 20:59 B c:\docs\web\mirrorshades.new\viridian\notes\1-75\Note 00020.txt <-- viridiandesign /www/domains/viridiandesign.org/webdocs/notes/1-100 Note 00020.txt
100.10.29 20:59 B c:\docs\web\mirrorshades.new\viridian\notes\1-75\Note 00021.txt <-- viridiandesign /www/domains/viridiandesign.org/webdocs/notes/1-100 Note 00021.txt
100.10.29 20:59 B c:\docs\web\mirrorshades.new\viridian\notes\1-75\Note 00022.txt <-- viridiandesign /www/domains/viridiandesign.org/webdocs/notes/1-100 Note 00022.txt
100.10.29 20:59 B c:\docs\web\mirrorshades.new\viridian\notes\1-75\Note 00023.txt <-- viridiandesign /www/domains/viridiandesign.org/webdocs/notes/1-100 Note 00023.txt
100.10.29 20:59 B c:\docs\web\mirrorshades.new\viridian\notes\1-75\Note 00024.txt <-- viridiandesign /www/domains/viridiandesign.org/webdocs/notes/1-100 Note 00024.txt
100.10.29 20:59 B c:\docs\web\mirrorshades.new\viridian\notes\1-75\Note 00025.txt <-- viridiandesign /www/domains/viridiandesign.org/webdocs/notes/1-100 Note 00025.txt
100.10.29 20:59 B c:\docs\web\mirrorshades.new\viridian\notes\1-75\Note 00026.txt <-- viridiandesign /www/domains/viridiandesign.org/webdocs/notes/1-100 Note 00026.txt
100.10.29 20:59 B c:\docs\web\mirrorshades.new\viridian\notes\1-75\Note 00027.txt <-- viridiandesign /www/domains/viridiandesign.org/webdocs/notes/1-100 Note 00027.txt
100.10.29 21:00 B c:\docs\web\mirrorshades.new\viridian\notes\1-75\Note 00028.txt <-- viridiandesign /www/domains/viridiandesign.org/webdocs/notes/1-100 Note 00028.txt
100.10.29 21:00 B c:\docs\web\mirrorshades.new\viridian\notes\1-75\Note 00029.txt <-- viridiandesign /www/domains/viridiandesign.org/webdocs/notes/1-100 Note 00029.txt
100.10.29 21:00 B c:\docs\web\mirrorshades.new\viridian\notes\1-75\Note 00030.txt <-- viridiandesign /www/domains/viridiandesign.org/webdocs/notes/1-100 Note 00030.txt
100.10.29 21:00 B c:\docs\web\mirrorshades.new\viridian\notes\1-75\Note 00031.txt <-- viridiandesign /www/domains/viridiandesign.org/webdocs/notes/1-100 Note 00031.txt
100.10.29 21:00 B c:\docs\web\mirrorshades.new\viridian\notes\1-75\Note 00032.txt <-- viridiandesign /www/domains/viridiandesign.org/webdocs/notes/1-100 Note 00032.txt
100.10.29 21:00 B c:\docs\web\mirrorshades.new\viridian\notes\1-75\Note 00033.txt <-- viridiandesign /www/domains/viridiandesign.org/webdocs/notes/1-100 Note 00033.txt
100.10.29 21:00 B c:\docs\web\mirrorshades.new\viridian\notes\1-75\Note 00034.dat <-- viridiandesign /www/domains/viridiandesign.org/webdocs/notes/1-100 Note 00034.dat
100.10.29 21:00 B c:\docs\web\mirrorshades.new\viridian\notes\1-75\Note 00035.dat <-- viridiandesign /www/domains/viridiandesign.org/webdocs/notes/1-100 Note 00035.dat
100.10.29 21:00 B c:\docs\web\mirrorshades.new\viridian\notes\1-75\Note 00036.txt <-- viridiandesign /www/domains/viridiandesign.org/webdocs/notes/1-100 Note 00036.txt
100.10.29 21:00 B c:\docs\web\mirrorshades.new\viridian\notes\1-75\Note 00037.txt <-- viridiandesign /www/domains/viridiandesign.org/webdocs/notes/1-100 Note 00037.txt
100.10.29 21:00 B c:\docs\web\mirrorshades.new\viridian\notes\1-75\Note 00038.txt <-- viridiandesign /www/domains/viridiandesign.org/webdocs/notes/1-100 Note 00038.txt
100.10.29 21:00 B c:\docs\web\mirrorshades.new\viridian\notes\1-75\Note 00039.dat <-- viridiandesign /www/domains/viridiandesign.org/webdocs/notes/1-100 Note 00039.dat
100.10.29 21:00 B c:\docs\web\mirrorshades.new\viridian\notes\1-75\Note 00040.txt <-- viridiandesign /www/domains/viridiandesign.org/webdocs/notes/1-100 Note 00040.txt
100.10.29 21:00 B c:\docs\web\mirrorshades.new\viridian\notes\1-75\Note 00041.txt <-- viridiandesign /www/domains/viridiandesign.org/webdocs/notes/1-100 Note 00041.txt
100.10.29 21:00 B c:\docs\web\mirrorshades.new\viridian\notes\1-75\Note 00042.txt <-- viridiandesign /www/domains/viridiandesign.org/webdocs/notes/1-100 Note 00042.txt
100.10.29 21:00 B c:\docs\web\mirrorshades.new\viridian\notes\1-75\Note 00043.txt <-- viridiandesign /www/domains/viridiandesign.org/webdocs/notes/1-100 Note 00043.txt
100.10.29 21:00 B c:\docs\web\mirrorshades.new\viridian\notes\1-75\Note 00044.dat <-- viridiandesign /www/domains/viridiandesign.org/webdocs/notes/1-100 Note 00044.dat
100.10.29 21:00 B c:\docs\web\mirrorshades.new\viridian\notes\1-75\Note 00045.txt <-- viridiandesign /www/domains/viridiandesign.org/webdocs/notes/1-100 Note 00045.txt
100.10.29 21:00 B c:\docs\web\mirrorshades.new\viridian\notes\1-75\Note 00046.txt <-- viridiandesign /www/domains/viridiandesign.org/webdocs/notes/1-100 Note 00046.txt
100.10.29 21:00 B c:\docs\web\mirrorshades.new\viridian\notes\1-75\Note 00047.txt <-- viridiandesign /www/domains/viridiandesign.org/webdocs/notes/1-100 Note 00047.txt
100.10.29 21:00 B c:\docs\web\mirrorshades.new\viridian\notes\1-75\Note 00048.txt <-- viridiandesign /www/domains/viridiandesign.org/webdocs/notes/1-100 Note 00048.txt
100.10.29 21:00 B c:\docs\web\mirrorshades.new\viridian\notes\1-75\Note 00049.txt <-- viridiandesign /www/domains/viridiandesign.org/webdocs/notes/1-100 Note 00049.txt
100.10.29 21:00 B c:\docs\web\mirrorshades.new\viridian\notes\1-75\Note 00050.txt <-- viridiandesign /www/domains/viridiandesign.org/webdocs/notes/1-100 Note 00050.txt
100.10.29 21:00 B c:\docs\web\mirrorshades.new\viridian\notes\1-75\Note 00051.txt <-- viridiandesign /www/domains/viridiandesign.org/webdocs/notes/1-100 Note 00051.txt
100.10.29 21:00 B c:\docs\web\mirrorshades.new\viridian\notes\1-75\Note 00052.txt <-- viridiandesign /www/domains/viridiandesign.org/webdocs/notes/1-100 Note 00052.txt
100.10.29 21:00 B c:\docs\web\mirrorshades.new\viridian\notes\1-75\Note 00053.txt <-- viridiandesign /www/domains/viridiandesign.org/webdocs/notes/1-100 Note 00053.txt
100.10.29 21:00 B c:\docs\web\mirrorshades.new\viridian\notes\1-75\Note 00054.dat <-- viridiandesign /www/domains/viridiandesign.org/webdocs/notes/1-100 Note 00054.dat
100.10.29 21:00 B c:\docs\web\mirrorshades.new\viridian\notes\1-75\Note 00055.txt <-- viridiandesign /www/domains/viridiandesign.org/webdocs/notes/1-100 Note 00055.txt
100.10.29 21:00 B c:\docs\web\mirrorshades.new\viridian\notes\1-75\Note 00056.txt <-- viridiandesign /www/domains/viridiandesign.org/webdocs/notes/1-100 Note 00056.txt
100.10.29 21:00 B c:\docs\web\mirrorshades.new\viridian\notes\1-75\Note 00057.txt <-- viridiandesign /www/domains/viridiandesign.org/webdocs/notes/1-100 Note 00057.txt
100.10.29 21:00 B c:\docs\web\mirrorshades.new\viridian\notes\1-75\Note 00058.txt <-- viridiandesign /www/domains/viridiandesign.org/webdocs/notes/1-100 Note 00058.txt
100.10.29 21:00 B c:\docs\web\mirrorshades.new\viridian\notes\1-75\Note 00059.txt <-- viridiandesign /www/domains/viridiandesign.org/webdocs/notes/1-100 Note 00059.txt
100.10.29 21:00 B c:\docs\web\mirrorshades.new\viridian\notes\1-75\Note 00060.dat <-- viridiandesign /www/domains/viridiandesign.org/webdocs/notes/1-100 Note 00060.dat
100.10.29 21:00 B c:\docs\web\mirrorshades.new\viridian\notes\1-75\Note 00061.txt <-- viridiandesign /www/domains/viridiandesign.org/webdocs/notes/1-100 Note 00061.txt
100.10.29 21:00 B c:\docs\web\mirrorshades.new\viridian\notes\1-75\Note 00062.txt <-- viridiandesign /www/domains/viridiandesign.org/webdocs/notes/1-100 Note 00062.txt
100.10.29 21:00 B c:\docs\web\mirrorshades.new\viridian\notes\1-75\Note 00063.txt <-- viridiandesign /www/domains/viridiandesign.org/webdocs/notes/1-100 Note 00063.txt
100.10.29 21:00 B c:\docs\web\mirrorshades.new\viridian\notes\1-75\Note 00064.txt <-- viridiandesign /www/domains/viridiandesign.org/webdocs/notes/1-100 Note 00064.txt
100.10.29 21:00 B c:\docs\web\mirrorshades.new\viridian\notes\1-75\Note 00065.txt <-- viridiandesign /www/domains/viridiandesign.org/webdocs/notes/1-100 Note 00065.txt
100.10.29 21:00 B c:\docs\web\mirrorshades.new\viridian\notes\1-75\Note 00066.txt <-- viridiandesign /www/domains/viridiandesign.org/webdocs/notes/1-100 Note 00066.txt
100.10.29 21:00 B c:\docs\web\mirrorshades.new\viridian\notes\1-75\Note 00067.txt <-- viridiandesign /www/domains/viridiandesign.org/webdocs/notes/1-100 Note 00067.txt
100.10.29 21:00 B c:\docs\web\mirrorshades.new\viridian\notes\1-75\Note 00068.txt <-- viridiandesign /www/domains/viridiandesign.org/webdocs/notes/1-100 Note 00068.txt
100.10.29 21:00 B c:\docs\web\mirrorshades.new\viridian\notes\1-75\Note 00069.txt <-- viridiandesign /www/domains/viridiandesign.org/webdocs/notes/1-100 Note 00069.txt
100.10.29 21:00 B c:\docs\web\mirrorshades.new\viridian\notes\1-75\Note 00070.txt <-- viridiandesign /www/domains/viridiandesign.org/webdocs/notes/1-100 Note 00070.txt
100.10.29 21:00 B c:\docs\web\mirrorshades.new\viridian\notes\1-75\Note 00071.txt <-- viridiandesign /www/domains/viridiandesign.org/webdocs/notes/1-100 Note 00071.txt
100.10.29 21:00 B c:\docs\web\mirrorshades.new\viridian\notes\1-75\Note 00072.txt <-- viridiandesign /www/domains/viridiandesign.org/webdocs/notes/1-100 Note 00072.txt
100.10.29 21:00 B c:\docs\web\mirrorshades.new\viridian\notes\1-75\Note 00073.txt <-- viridiandesign /www/domains/viridiandesign.org/webdocs/notes/1-100 Note 00073.txt
100.10.29 21:00 B c:\docs\web\mirrorshades.new\viridian\notes\1-75\Note 00074.txt <-- viridiandesign /www/domains/viridiandesign.org/webdocs/notes/1-100 Note 00074.txt
100.10.29 21:00 B c:\docs\web\mirrorshades.new\viridian\notes\1-75\Note 00075.txt <-- viridiandesign /www/domains/viridiandesign.org/webdocs/notes/1-100 Note 00075.txt
100.10.29 21:33 B c:\docs\web\mirrorshades.new\viridian\notes\1-75\dir.txt --> viridiandesign.org /www/domains/viridiandesign.org/webdocs/notes/1-75 dir.txt
100.10.29 21:33 B c:\docs\web\mirrorshades.new\viridian\notes\1-75\index.doc --> viridiandesign.org /www/domains/viridiandesign.org/webdocs/notes/1-75 index.doc
100.10.29 21:33 B c:\docs\web\mirrorshades.new\viridian\notes\1-75\Note 00001.txt --> viridiandesign.org /www/domains/viridiandesign.org/webdocs/notes/1-75 Note 00001.txt
100.10.29 21:33 B c:\docs\web\mirrorshades.new\viridian\notes\1-75\Note 00002.txt --> viridiandesign.org /www/domains/viridiandesign.org/webdocs/notes/1-75 Note 00002.txt
100.10.29 21:33 B c:\docs\web\mirrorshades.new\viridian\notes\1-75\Note 00003.txt --> viridiandesign.org /www/domains/viridiandesign.org/webdocs/notes/1-75 Note 00003.txt
100.10.29 21:33 B c:\docs\web\mirrorshades.new\viridian\notes\1-75\Note 00004.txt --> viridiandesign.org /www/domains/viridiandesign.org/webdocs/notes/1-75 Note 00004.txt
100.10.29 21:33 B c:\docs\web\mirrorshades.new\viridian\notes\1-75\Note 00005.txt --> viridiandesign.org /www/domains/viridiandesign.org/webdocs/notes/1-75 Note 00005.txt
100.10.29 21:33 B c:\docs\web\mirrorshades.new\viridian\notes\1-75\Note 00006.txt --> viridiandesign.org /www/domains/viridiandesign.org/webdocs/notes/1-75 Note 00006.txt
100.10.29 21:33 B c:\docs\web\mirrorshades.new\viridian\notes\1-75\Note 00007.txt --> viridiandesign.org /www/domains/viridiandesign.org/webdocs/notes/1-75 Note 00007.txt
100.10.29 21:33 B c:\docs\web\mirrorshades.new\viridian\notes\1-75\Note 00008.txt --> viridiandesign.org /www/domains/viridiandesign.org/webdocs/notes/1-75 Note 00008.txt
100.10.29 21:33 B c:\docs\web\mirrorshades.new\viridian\notes\1-75\Note 00009.txt --> viridiandesign.org /www/domains/viridiandesign.org/webdocs/notes/1-75 Note 00009.txt
100.10.29 21:33 B c:\docs\web\mirrorshades.new\viridian\notes\1-75\Note 00010.txt --> viridiandesign.org /www/domains/viridiandesign.org/webdocs/notes/1-75 Note 00010.txt
100.10.29 21:33 B c:\docs\web\mirrorshades.new\viridian\notes\1-75\Note 00011.txt --> viridiandesign.org /www/domains/viridiandesign.org/webdocs/notes/1-75 Note 00011.txt
100.10.29 21:33 B c:\docs\web\mirrorshades.new\viridian\notes\1-75\Note 00012.txt --> viridiandesign.org /www/domains/viridiandesign.org/webdocs/notes/1-75 Note 00012.txt
100.10.29 21:33 B c:\docs\web\mirrorshades.new\viridian\notes\1-75\Note 00013.txt --> viridiandesign.org /www/domains/viridiandesign.org/webdocs/notes/1-75 Note 00013.txt
100.10.29 21:33 B c:\docs\web\mirrorshades.new\viridian\notes\1-75\Note 00014.txt --> viridiandesign.org /www/domains/viridiandesign.org/webdocs/notes/1-75 Note 00014.txt
100.10.29 21:33 B c:\docs\web\mirrorshades.new\viridian\notes\1-75\Note 00015.txt --> viridiandesign.org /www/domains/viridiandesign.org/webdocs/notes/1-75 Note 00015.txt
100.10.29 21:33 B c:\docs\web\mirrorshades.new\viridian\notes\1-75\Note 00016.txt --> viridiandesign.org /www/domains/viridiandesign.org/webdocs/notes/1-75 Note 00016.txt
100.10.29 21:33 B c:\docs\web\mirrorshades.new\viridian\notes\1-75\Note 00017.txt --> viridiandesign.org /www/domains/viridiandesign.org/webdocs/notes/1-75 Note 00017.txt
100.10.29 21:33 B c:\docs\web\mirrorshades.new\viridian\notes\1-75\Note 00018.txt --> viridiandesign.org /www/domains/viridiandesign.org/webdocs/notes/1-75 Note 00018.txt
100.10.29 21:33 B c:\docs\web\mirrorshades.new\viridian\notes\1-75\Note 00019.txt --> viridiandesign.org /www/domains/viridiandesign.org/webdocs/notes/1-75 Note 00019.txt
100.10.29 21:33 B c:\docs\web\mirrorshades.new\viridian\notes\1-75\Note 00020.txt --> viridiandesign.org /www/domains/viridiandesign.org/webdocs/notes/1-75 Note 00020.txt
100.10.29 21:33 B c:\docs\web\mirrorshades.new\viridian\notes\1-75\Note 00021.txt --> viridiandesign.org /www/domains/viridiandesign.org/webdocs/notes/1-75 Note 00021.txt
100.10.29 21:33 B c:\docs\web\mirrorshades.new\viridian\notes\1-75\Note 00022.txt --> viridiandesign.org /www/domains/viridiandesign.org/webdocs/notes/1-75 Note 00022.txt
100.10.29 21:33 B c:\docs\web\mirrorshades.new\viridian\notes\1-75\Note 00023.txt --> viridiandesign.org /www/domains/viridiandesign.org/webdocs/notes/1-75 Note 00023.txt
100.10.29 21:33 B c:\docs\web\mirrorshades.new\viridian\notes\1-75\Note 00024.txt --> viridiandesign.org /www/domains/viridiandesign.org/webdocs/notes/1-75 Note 00024.txt
100.10.29 21:33 B c:\docs\web\mirrorshades.new\viridian\notes\1-75\Note 00025.txt --> viridiandesign.org /www/domains/viridiandesign.org/webdocs/notes/1-75 Note 00025.txt
100.10.29 21:33 B c:\docs\web\mirrorshades.new\viridian\notes\1-75\Note 00026.txt --> viridiandesign.org /www/domains/viridiandesign.org/webdocs/notes/1-75 Note 00026.txt
100.10.29 21:33 B c:\docs\web\mirrorshades.new\viridian\notes\1-75\Note 00027.txt --> viridiandesign.org /www/domains/viridiandesign.org/webdocs/notes/1-75 Note 00027.txt
100.10.29 21:33 B c:\docs\web\mirrorshades.new\viridian\notes\1-75\Note 00028.txt --> viridiandesign.org /www/domains/viridiandesign.org/webdocs/notes/1-75 Note 00028.txt
100.10.29 21:33 B c:\docs\web\mirrorshades.new\viridian\notes\1-75\Note 00029.txt --> viridiandesign.org /www/domains/viridiandesign.org/webdocs/notes/1-75 Note 00029.txt
100.10.29 21:33 B c:\docs\web\mirrorshades.new\viridian\notes\1-75\Note 00030.txt --> viridiandesign.org /www/domains/viridiandesign.org/webdocs/notes/1-75 Note 00030.txt
100.10.29 21:33 B c:\docs\web\mirrorshades.new\viridian\notes\1-75\Note 00031.txt --> viridiandesign.org /www/domains/viridiandesign.org/webdocs/notes/1-75 Note 00031.txt
100.10.29 21:33 B c:\docs\web\mirrorshades.new\viridian\notes\1-75\Note 00032.txt --> viridiandesign.org /www/domains/viridiandesign.org/webdocs/notes/1-75 Note 00032.txt
100.10.29 21:33 B c:\docs\web\mirrorshades.new\viridian\notes\1-75\Note 00033.txt --> viridiandesign.org /www/domains/viridiandesign.org/webdocs/notes/1-75 Note 00033.txt
100.10.29 21:33 B c:\docs\web\mirrorshades.new\viridian\notes\1-75\Note 00034.dat --> viridiandesign.org /www/domains/viridiandesign.org/webdocs/notes/1-75 Note 00034.dat
100.10.29 21:33 B c:\docs\web\mirrorshades.new\viridian\notes\1-75\Note 00035.dat --> viridiandesign.org /www/domains/viridiandesign.org/webdocs/notes/1-75 Note 00035.dat
100.10.29 21:33 B c:\docs\web\mirrorshades.new\viridian\notes\1-75\Note 00036.txt --> viridiandesign.org /www/domains/viridiandesign.org/webdocs/notes/1-75 Note 00036.txt
100.10.29 21:33 B c:\docs\web\mirrorshades.new\viridian\notes\1-75\Note 00037.txt --> viridiandesign.org /www/domains/viridiandesign.org/webdocs/notes/1-75 Note 00037.txt
100.10.29 21:33 B c:\docs\web\mirrorshades.new\viridian\notes\1-75\Note 00038.txt --> viridiandesign.org /www/domains/viridiandesign.org/webdocs/notes/1-75 Note 00038.txt
100.10.29 21:33 B c:\docs\web\mirrorshades.new\viridian\notes\1-75\Note 00039.dat --> viridiandesign.org /www/domains/viridiandesign.org/webdocs/notes/1-75 Note 00039.dat
100.10.29 21:33 B c:\docs\web\mirrorshades.new\viridian\notes\1-75\Note 00040.txt --> viridiandesign.org /www/domains/viridiandesign.org/webdocs/notes/1-75 Note 00040.txt
100.10.29 21:34 B c:\docs\web\mirrorshades.new\viridian\notes\1-75\Note 00041.txt --> viridiandesign.org /www/domains/viridiandesign.org/webdocs/notes/1-75 Note 00041.txt
100.10.29 21:34 B c:\docs\web\mirrorshades.new\viridian\notes\1-75\Note 00042.txt --> viridiandesign.org /www/domains/viridiandesign.org/webdocs/notes/1-75 Note 00042.txt
100.10.29 21:34 B c:\docs\web\mirrorshades.new\viridian\notes\1-75\Note 00043.txt --> viridiandesign.org /www/domains/viridiandesign.org/webdocs/notes/1-75 Note 00043.txt
100.10.29 21:34 B c:\docs\web\mirrorshades.new\viridian\notes\1-75\Note 00044.dat --> viridiandesign.org /www/domains/viridiandesign.org/webdocs/notes/1-75 Note 00044.dat
100.10.29 21:34 B c:\docs\web\mirrorshades.new\viridian\notes\1-75\Note 00045.txt --> viridiandesign.org /www/domains/viridiandesign.org/webdocs/notes/1-75 Note 00045.txt
100.10.29 21:34 B c:\docs\web\mirrorshades.new\viridian\notes\1-75\Note 00046.txt --> viridiandesign.org /www/domains/viridiandesign.org/webdocs/notes/1-75 Note 00046.txt
100.10.29 21:34 B c:\docs\web\mirrorshades.new\viridian\notes\1-75\Note 00047.txt --> viridiandesign.org /www/domains/viridiandesign.org/webdocs/notes/1-75 Note 00047.txt
100.10.29 21:34 B c:\docs\web\mirrorshades.new\viridian\notes\1-75\Note 00048.txt --> viridiandesign.org /www/domains/viridiandesign.org/webdocs/notes/1-75 Note 00048.txt
100.10.29 21:34 B c:\docs\web\mirrorshades.new\viridian\notes\1-75\Note 00049.txt --> viridiandesign.org /www/domains/viridiandesign.org/webdocs/notes/1-75 Note 00049.txt
100.10.29 21:34 B c:\docs\web\mirrorshades.new\viridian\notes\1-75\Note 00050.txt --> viridiandesign.org /www/domains/viridiandesign.org/webdocs/notes/1-75 Note 00050.txt
100.10.29 21:34 B c:\docs\web\mirrorshades.new\viridian\notes\1-75\Note 00051.txt --> viridiandesign.org /www/domains/viridiandesign.org/webdocs/notes/1-75 Note 00051.txt
100.10.29 21:34 B c:\docs\web\mirrorshades.new\viridian\notes\1-75\Note 00052.txt --> viridiandesign.org /www/domains/viridiandesign.org/webdocs/notes/1-75 Note 00052.txt
100.10.29 21:34 B c:\docs\web\mirrorshades.new\viridian\notes\1-75\Note 00053.txt --> viridiandesign.org /www/domains/viridiandesign.org/webdocs/notes/1-75 Note 00053.txt
100.10.29 21:34 B c:\docs\web\mirrorshades.new\viridian\notes\1-75\Note 00054.dat --> viridiandesign.org /www/domains/viridiandesign.org/webdocs/notes/1-75 Note 00054.dat
100.10.29 21:34 B c:\docs\web\mirrorshades.new\viridian\notes\1-75\Note 00055.txt --> viridiandesign.org /www/domains/viridiandesign.org/webdocs/notes/1-75 Note 00055.txt
100.10.29 21:34 B c:\docs\web\mirrorshades.new\viridian\notes\1-75\Note 00056.txt --> viridiandesign.org /www/domains/viridiandesign.org/webdocs/notes/1-75 Note 00056.txt
100.10.29 21:34 B c:\docs\web\mirrorshades.new\viridian\notes\1-75\Note 00057.txt --> viridiandesign.org /www/domains/viridiandesign.org/webdocs/notes/1-75 Note 00057.txt
100.10.29 21:34 B c:\docs\web\mirrorshades.new\viridian\notes\1-75\Note 00058.txt --> viridiandesign.org /www/domains/viridiandesign.org/webdocs/notes/1-75 Note 00058.txt
100.10.29 21:34 B c:\docs\web\mirrorshades.new\viridian\notes\1-75\Note 00059.txt --> viridiandesign.org /www/domains/viridiandesign.org/webdocs/notes/1-75 Note 00059.txt
100.10.29 21:34 B c:\docs\web\mirrorshades.new\viridian\notes\1-75\Note 00060.dat --> viridiandesign.org /www/domains/viridiandesign.org/webdocs/notes/1-75 Note 00060.dat
100.10.29 21:34 B c:\docs\web\mirrorshades.new\viridian\notes\1-75\Note 00061.txt --> viridiandesign.org /www/domains/viridiandesign.org/webdocs/notes/1-75 Note 00061.txt
100.10.29 21:34 B c:\docs\web\mirrorshades.new\viridian\notes\1-75\Note 00062.txt --> viridiandesign.org /www/domains/viridiandesign.org/webdocs/notes/1-75 Note 00062.txt
100.10.29 21:34 B c:\docs\web\mirrorshades.new\viridian\notes\1-75\Note 00063.txt --> viridiandesign.org /www/domains/viridiandesign.org/webdocs/notes/1-75 Note 00063.txt
100.10.29 21:34 B c:\docs\web\mirrorshades.new\viridian\notes\1-75\Note 00064.txt --> viridiandesign.org /www/domains/viridiandesign.org/webdocs/notes/1-75 Note 00064.txt
100.10.29 21:34 B c:\docs\web\mirrorshades.new\viridian\notes\1-75\Note 00065.txt --> viridiandesign.org /www/domains/viridiandesign.org/webdocs/notes/1-75 Note 00065.txt
100.10.29 21:34 B c:\docs\web\mirrorshades.new\viridian\notes\1-75\Note 00066.txt --> viridiandesign.org /www/domains/viridiandesign.org/webdocs/notes/1-75 Note 00066.txt
100.10.29 21:34 B c:\docs\web\mirrorshades.new\viridian\notes\1-75\Note 00067.txt --> viridiandesign.org /www/domains/viridiandesign.org/webdocs/notes/1-75 Note 00067.txt
100.10.29 21:34 B c:\docs\web\mirrorshades.new\viridian\notes\1-75\Note 00068.txt --> viridiandesign.org /www/domains/viridiandesign.org/webdocs/notes/1-75 Note 00068.txt
100.10.29 21:34 B c:\docs\web\mirrorshades.new\viridian\notes\1-75\Note 00069.txt --> viridiandesign.org /www/domains/viridiandesign.org/webdocs/notes/1-75 Note 00069.txt
100.10.29 21:34 B c:\docs\web\mirrorshades.new\viridian\notes\1-75\Note 00070.txt --> viridiandesign.org /www/domains/viridiandesign.org/webdocs/notes/1-75 Note 00070.txt
100.10.29 21:34 B c:\docs\web\mirrorshades.new\viridian\notes\1-75\Note 00071.txt --> viridiandesign.org /www/domains/viridiandesign.org/webdocs/notes/1-75 Note 00071.txt
100.10.29 21:34 B c:\docs\web\mirrorshades.new\viridian\notes\1-75\Note 00072.txt --> viridiandesign.org /www/domains/viridiandesign.org/webdocs/notes/1-75 Note 00072.txt
100.10.29 21:34 B c:\docs\web\mirrorshades.new\viridian\notes\1-75\Note 00073.txt --> viridiandesign.org /www/domains/viridiandesign.org/webdocs/notes/1-75 Note 00073.txt
100.10.29 21:34 B c:\docs\web\mirrorshades.new\viridian\notes\1-75\Note 00074.txt --> viridiandesign.org /www/domains/viridiandesign.org/webdocs/notes/1-75 Note 00074.txt
100.10.29 21:34 B c:\docs\web\mirrorshades.new\viridian\notes\1-75\Note 00075.txt --> viridiandesign.org /www/domains/viridiandesign.org/webdocs/notes/1-75 Note 00075.txt
2001.03.27 11:42 B C:\Documents and Settings\jonl\My Documents\jonl\viridiandesign\notes\1-75\WS_FTP.LOG <-- viridian /export/www/viridiandesign.org/webdocs/notes/1-75 WS_FTP.LOG
2001.03.27 12:42 B C:\Documents and Settings\jonl\My Documents\jonl\viridiandesign\notes\1-75\dir.txt --> viridiandesign.org /export/www/viridiandesign.org/webdocs/notes/1-75 dir.txt
2001.03.27 12:42 B C:\Documents and Settings\jonl\My Documents\jonl\viridiandesign\notes\1-75\index.doc --> viridiandesign.org /export/www/viridiandesign.org/webdocs/notes/1-75 index.doc
2001.03.27 12:42 B C:\Documents and Settings\jonl\My Documents\jonl\viridiandesign\notes\1-75\Note 00001.txt --> viridiandesign.org /export/www/viridiandesign.org/webdocs/notes/1-75 Note 00001.txt
2001.03.27 12:42 B C:\Documents and Settings\jonl\My Documents\jonl\viridiandesign\notes\1-75\Note 00002.txt --> viridiandesign.org /export/www/viridiandesign.org/webdocs/notes/1-75 Note 00002.txt
2001.03.27 12:42 B C:\Documents and Settings\jonl\My Documents\jonl\viridiandesign\notes\1-75\Note 00003.txt --> viridiandesign.org /export/www/viridiandesign.org/webdocs/notes/1-75 Note 00003.txt
2001.03.27 12:42 B C:\Documents and Settings\jonl\My Documents\jonl\viridiandesign\notes\1-75\Note 00004.txt --> viridiandesign.org /export/www/viridiandesign.org/webdocs/notes/1-75 Note 00004.txt
2001.03.27 12:42 B C:\Documents and Settings\jonl\My Documents\jonl\viridiandesign\notes\1-75\Note 00005.txt --> viridiandesign.org /export/www/viridiandesign.org/webdocs/notes/1-75 Note 00005.txt
2001.03.27 12:42 B C:\Documents and Settings\jonl\My Documents\jonl\viridiandesign\notes\1-75\Note 00006.txt --> viridiandesign.org /export/www/viridiandesign.org/webdocs/notes/1-75 Note 00006.txt
2001.03.27 12:42 B C:\Documents and Settings\jonl\My Documents\jonl\viridiandesign\notes\1-75\Note 00007.txt --> viridiandesign.org /export/www/viridiandesign.org/webdocs/notes/1-75 Note 00007.txt
2001.03.27 12:42 B C:\Documents and Settings\jonl\My Documents\jonl\viridiandesign\notes\1-75\Note 00008.txt --> viridiandesign.org /export/www/viridiandesign.org/webdocs/notes/1-75 Note 00008.txt
2001.03.27 12:42 B C:\Documents and Settings\jonl\My Documents\jonl\viridiandesign\notes\1-75\Note 00009.txt --> viridiandesign.org /export/www/viridiandesign.org/webdocs/notes/1-75 Note 00009.txt
2001.03.27 12:42 B C:\Documents and Settings\jonl\My Documents\jonl\viridiandesign\notes\1-75\Note 00010.txt --> viridiandesign.org /export/www/viridiandesign.org/webdocs/notes/1-75 Note 00010.txt
2001.03.27 12:42 B C:\Documents and Settings\jonl\My Documents\jonl\viridiandesign\notes\1-75\Note 00011.txt --> viridiandesign.org /export/www/viridiandesign.org/webdocs/notes/1-75 Note 00011.txt
2001.03.27 12:42 B C:\Documents and Settings\jonl\My Documents\jonl\viridiandesign\notes\1-75\Note 00012.txt --> viridiandesign.org /export/www/viridiandesign.org/webdocs/notes/1-75 Note 00012.txt
2001.03.27 12:42 B C:\Documents and Settings\jonl\My Documents\jonl\viridiandesign\notes\1-75\Note 00013.txt --> viridiandesign.org /export/www/viridiandesign.org/webdocs/notes/1-75 Note 00013.txt
2001.03.27 12:42 B C:\Documents and Settings\jonl\My Documents\jonl\viridiandesign\notes\1-75\Note 00014.txt --> viridiandesign.org /export/www/viridiandesign.org/webdocs/notes/1-75 Note 00014.txt
2001.03.27 12:42 B C:\Documents and Settings\jonl\My Documents\jonl\viridiandesign\notes\1-75\Note 00015.txt --> viridiandesign.org /export/www/viridiandesign.org/webdocs/notes/1-75 Note 00015.txt
2001.03.27 12:42 B C:\Documents and Settings\jonl\My Documents\jonl\viridiandesign\notes\1-75\Note 00016.txt --> viridiandesign.org /export/www/viridiandesign.org/webdocs/notes/1-75 Note 00016.txt
2001.03.27 12:42 B C:\Documents and Settings\jonl\My Documents\jonl\viridiandesign\notes\1-75\Note 00017.txt --> viridiandesign.org /export/www/viridiandesign.org/webdocs/notes/1-75 Note 00017.txt
2001.03.27 12:42 B C:\Documents and Settings\jonl\My Documents\jonl\viridiandesign\notes\1-75\Note 00018.txt --> viridiandesign.org /export/www/viridiandesign.org/webdocs/notes/1-75 Note 00018.txt
2001.03.27 12:42 B C:\Documents and Settings\jonl\My Documents\jonl\viridiandesign\notes\1-75\Note 00019.txt --> viridiandesign.org /export/www/viridiandesign.org/webdocs/notes/1-75 Note 00019.txt
2001.03.27 12:42 B C:\Documents and Settings\jonl\My Documents\jonl\viridiandesign\notes\1-75\Note 00020.txt --> viridiandesign.org /export/www/viridiandesign.org/webdocs/notes/1-75 Note 00020.txt
2001.03.27 12:42 B C:\Documents and Settings\jonl\My Documents\jonl\viridiandesign\notes\1-75\Note 00021.txt --> viridiandesign.org /export/www/viridiandesign.org/webdocs/notes/1-75 Note 00021.txt
2001.03.27 12:42 B C:\Documents and Settings\jonl\My Documents\jonl\viridiandesign\notes\1-75\Note 00022.txt --> viridiandesign.org /export/www/viridiandesign.org/webdocs/notes/1-75 Note 00022.txt
2001.03.27 12:42 B C:\Documents and Settings\jonl\My Documents\jonl\viridiandesign\notes\1-75\Note 00023.txt --> viridiandesign.org /export/www/viridiandesign.org/webdocs/notes/1-75 Note 00023.txt
2001.03.27 12:42 B C:\Documents and Settings\jonl\My Documents\jonl\viridiandesign\notes\1-75\Note 00024.txt --> viridiandesign.org /export/www/viridiandesign.org/webdocs/notes/1-75 Note 00024.txt
2001.03.27 12:42 B C:\Documents and Settings\jonl\My Documents\jonl\viridiandesign\notes\1-75\Note 00025.txt --> viridiandesign.org /export/www/viridiandesign.org/webdocs/notes/1-75 Note 00025.txt
2001.03.27 12:42 B C:\Documents and Settings\jonl\My Documents\jonl\viridiandesign\notes\1-75\Note 00026.txt --> viridiandesign.org /export/www/viridiandesign.org/webdocs/notes/1-75 Note 00026.txt
2001.03.27 12:42 B C:\Documents and Settings\jonl\My Documents\jonl\viridiandesign\notes\1-75\Note 00027.txt --> viridiandesign.org /export/www/viridiandesign.org/webdocs/notes/1-75 Note 00027.txt
2001.03.27 12:42 B C:\Documents and Settings\jonl\My Documents\jonl\viridiandesign\notes\1-75\Note 00028.txt --> viridiandesign.org /export/www/viridiandesign.org/webdocs/notes/1-75 Note 00028.txt
2001.03.27 12:42 B C:\Documents and Settings\jonl\My Documents\jonl\viridiandesign\notes\1-75\Note 00029.txt --> viridiandesign.org /export/www/viridiandesign.org/webdocs/notes/1-75 Note 00029.txt
2001.03.27 12:42 B C:\Documents and Settings\jonl\My Documents\jonl\viridiandesign\notes\1-75\Note 00030.txt --> viridiandesign.org /export/www/viridiandesign.org/webdocs/notes/1-75 Note 00030.txt
2001.03.27 12:42 B C:\Documents and Settings\jonl\My Documents\jonl\viridiandesign\notes\1-75\Note 00031.txt --> viridiandesign.org /export/www/viridiandesign.org/webdocs/notes/1-75 Note 00031.txt
2001.03.27 12:42 B C:\Documents and Settings\jonl\My Documents\jonl\viridiandesign\notes\1-75\Note 00032.txt --> viridiandesign.org /export/www/viridiandesign.org/webdocs/notes/1-75 Note 00032.txt
2001.03.27 12:42 B C:\Documents and Settings\jonl\My Documents\jonl\viridiandesign\notes\1-75\Note 00033.txt --> viridiandesign.org /export/www/viridiandesign.org/webdocs/notes/1-75 Note 00033.txt
2001.03.27 12:42 B C:\Documents and Settings\jonl\My Documents\jonl\viridiandesign\notes\1-75\Note 00034.dat --> viridiandesign.org /export/www/viridiandesign.org/webdocs/notes/1-75 Note 00034.dat
2001.03.27 12:42 B C:\Documents and Settings\jonl\My Documents\jonl\viridiandesign\notes\1-75\Note 00035.dat --> viridiandesign.org /export/www/viridiandesign.org/webdocs/notes/1-75 Note 00035.dat
2001.03.27 12:42 B C:\Documents and Settings\jonl\My Documents\jonl\viridiandesign\notes\1-75\Note 00036.txt --> viridiandesign.org /export/www/viridiandesign.org/webdocs/notes/1-75 Note 00036.txt
2001.03.27 12:42 B C:\Documents and Settings\jonl\My Documents\jonl\viridiandesign\notes\1-75\Note 00037.txt --> viridiandesign.org /export/www/viridiandesign.org/webdocs/notes/1-75 Note 00037.txt
2001.03.27 12:42 B C:\Documents and Settings\jonl\My Documents\jonl\viridiandesign\notes\1-75\Note 00038.txt --> viridiandesign.org /export/www/viridiandesign.org/webdocs/notes/1-75 Note 00038.txt
2001.03.27 12:42 B C:\Documents and Settings\jonl\My Documents\jonl\viridiandesign\notes\1-75\Note 00039.dat --> viridiandesign.org /export/www/viridiandesign.org/webdocs/notes/1-75 Note 00039.dat
2001.03.27 12:42 B C:\Documents and Settings\jonl\My Documents\jonl\viridiandesign\notes\1-75\Note 00040.txt --> viridiandesign.org /export/www/viridiandesign.org/webdocs/notes/1-75 Note 00040.txt
2001.03.27 12:42 B C:\Documents and Settings\jonl\My Documents\jonl\viridiandesign\notes\1-75\Note 00041.txt --> viridiandesign.org /export/www/viridiandesign.org/webdocs/notes/1-75 Note 00041.txt
2001.03.27 12:42 B C:\Documents and Settings\jonl\My Documents\jonl\viridiandesign\notes\1-75\Note 00042.txt --> viridiandesign.org /export/www/viridiandesign.org/webdocs/notes/1-75 Note 00042.txt
2001.03.27 12:42 B C:\Documents and Settings\jonl\My Documents\jonl\viridiandesign\notes\1-75\Note 00043.txt --> viridiandesign.org /export/www/viridiandesign.org/webdocs/notes/1-75 Note 00043.txt
2001.03.27 12:42 B C:\Documents and Settings\jonl\My Documents\jonl\viridiandesign\notes\1-75\Note 00044.dat --> viridiandesign.org /export/www/viridiandesign.org/webdocs/notes/1-75 Note 00044.dat
2001.03.27 12:42 B C:\Documents and Settings\jonl\My Documents\jonl\viridiandesign\notes\1-75\Note 00045.txt --> viridiandesign.org /export/www/viridiandesign.org/webdocs/notes/1-75 Note 00045.txt
2001.03.27 12:42 B C:\Documents and Settings\jonl\My Documents\jonl\viridiandesign\notes\1-75\Note 00046.txt --> viridiandesign.org /export/www/viridiandesign.org/webdocs/notes/1-75 Note 00046.txt
2001.03.27 12:43 B C:\Documents and Settings\jonl\My Documents\jonl\viridiandesign\notes\1-75\Note 00047.txt --> viridiandesign.org /export/www/viridiandesign.org/webdocs/notes/1-75 Note 00047.txt
2001.03.27 12:43 B C:\Documents and Settings\jonl\My Documents\jonl\viridiandesign\notes\1-75\Note 00048.txt --> viridiandesign.org /export/www/viridiandesign.org/webdocs/notes/1-75 Note 00048.txt
2001.03.27 12:43 B C:\Documents and Settings\jonl\My Documents\jonl\viridiandesign\notes\1-75\Note 00049.txt --> viridiandesign.org /export/www/viridiandesign.org/webdocs/notes/1-75 Note 00049.txt
2001.03.27 12:43 B C:\Documents and Settings\jonl\My Documents\jonl\viridiandesign\notes\1-75\Note 00050.txt --> viridiandesign.org /export/www/viridiandesign.org/webdocs/notes/1-75 Note 00050.txt
2001.03.27 12:43 B C:\Documents and Settings\jonl\My Documents\jonl\viridiandesign\notes\1-75\Note 00051.txt --> viridiandesign.org /export/www/viridiandesign.org/webdocs/notes/1-75 Note 00051.txt
2001.03.27 12:43 B C:\Documents and Settings\jonl\My Documents\jonl\viridiandesign\notes\1-75\Note 00052.txt --> viridiandesign.org /export/www/viridiandesign.org/webdocs/notes/1-75 Note 00052.txt
2001.03.27 12:43 B C:\Documents and Settings\jonl\My Documents\jonl\viridiandesign\notes\1-75\Note 00053.txt --> viridiandesign.org /export/www/viridiandesign.org/webdocs/notes/1-75 Note 00053.txt
2001.03.27 12:43 B C:\Documents and Settings\jonl\My Documents\jonl\viridiandesign\notes\1-75\Note 00054.dat --> viridiandesign.org /export/www/viridiandesign.org/webdocs/notes/1-75 Note 00054.dat
2001.03.27 12:43 B C:\Documents and Settings\jonl\My Documents\jonl\viridiandesign\notes\1-75\Note 00055.txt --> viridiandesign.org /export/www/viridiandesign.org/webdocs/notes/1-75 Note 00055.txt
2001.03.27 12:43 B C:\Documents and Settings\jonl\My Documents\jonl\viridiandesign\notes\1-75\Note 00056.txt --> viridiandesign.org /export/www/viridiandesign.org/webdocs/notes/1-75 Note 00056.txt
2001.03.27 12:43 B C:\Documents and Settings\jonl\My Documents\jonl\viridiandesign\notes\1-75\Note 00057.txt --> viridiandesign.org /export/www/viridiandesign.org/webdocs/notes/1-75 Note 00057.txt
2001.03.27 12:43 B C:\Documents and Settings\jonl\My Documents\jonl\viridiandesign\notes\1-75\Note 00058.txt --> viridiandesign.org /export/www/viridiandesign.org/webdocs/notes/1-75 Note 00058.txt
2001.03.27 12:43 B C:\Documents and Settings\jonl\My Documents\jonl\viridiandesign\notes\1-75\Note 00059.txt --> viridiandesign.org /export/www/viridiandesign.org/webdocs/notes/1-75 Note 00059.txt
2001.03.27 12:43 B C:\Documents and Settings\jonl\My Documents\jonl\viridiandesign\notes\1-75\Note 00060.dat --> viridiandesign.org /export/www/viridiandesign.org/webdocs/notes/1-75 Note 00060.dat
2001.03.27 12:43 B C:\Documents and Settings\jonl\My Documents\jonl\viridiandesign\notes\1-75\Note 00061.txt --> viridiandesign.org /export/www/viridiandesign.org/webdocs/notes/1-75 Note 00061.txt
2001.03.27 12:43 B C:\Documents and Settings\jonl\My Documents\jonl\viridiandesign\notes\1-75\Note 00062.txt --> viridiandesign.org /export/www/viridiandesign.org/webdocs/notes/1-75 Note 00062.txt
2001.03.27 12:43 B C:\Documents and Settings\jonl\My Documents\jonl\viridiandesign\notes\1-75\Note 00063.txt --> viridiandesign.org /export/www/viridiandesign.org/webdocs/notes/1-75 Note 00063.txt
2001.03.27 12:43 B C:\Documents and Settings\jonl\My Documents\jonl\viridiandesign\notes\1-75\Note 00064.txt --> viridiandesign.org /export/www/viridiandesign.org/webdocs/notes/1-75 Note 00064.txt
2001.03.27 12:43 B C:\Documents and Settings\jonl\My Documents\jonl\viridiandesign\notes\1-75\Note 00065.txt --> viridiandesign.org /export/www/viridiandesign.org/webdocs/notes/1-75 Note 00065.txt
2001.03.27 12:43 B C:\Documents and Settings\jonl\My Documents\jonl\viridiandesign\notes\1-75\Note 00066.txt --> viridiandesign.org /export/www/viridiandesign.org/webdocs/notes/1-75 Note 00066.txt
2001.03.27 12:43 B C:\Documents and Settings\jonl\My Documents\jonl\viridiandesign\notes\1-75\Note 00067.txt --> viridiandesign.org /export/www/viridiandesign.org/webdocs/notes/1-75 Note 00067.txt
2001.03.27 12:43 B C:\Documents and Settings\jonl\My Documents\jonl\viridiandesign\notes\1-75\Note 00068.txt --> viridiandesign.org /export/www/viridiandesign.org/webdocs/notes/1-75 Note 00068.txt
2001.03.27 12:43 B C:\Documents and Settings\jonl\My Documents\jonl\viridiandesign\notes\1-75\Note 00069.txt --> viridiandesign.org /export/www/viridiandesign.org/webdocs/notes/1-75 Note 00069.txt
2001.03.27 12:43 B C:\Documents and Settings\jonl\My Documents\jonl\viridiandesign\notes\1-75\Note 00070.txt --> viridiandesign.org /export/www/viridiandesign.org/webdocs/notes/1-75 Note 00070.txt
2001.03.27 12:43 B C:\Documents and Settings\jonl\My Documents\jonl\viridiandesign\notes\1-75\Note 00071.txt --> viridiandesign.org /export/www/viridiandesign.org/webdocs/notes/1-75 Note 00071.txt
2001.03.27 12:43 B C:\Documents and Settings\jonl\My Documents\jonl\viridiandesign\notes\1-75\Note 00072.txt --> viridiandesign.org /export/www/viridiandesign.org/webdocs/notes/1-75 Note 00072.txt
2001.03.27 12:43 B C:\Documents and Settings\jonl\My Documents\jonl\viridiandesign\notes\1-75\Note 00073.txt --> viridiandesign.org /export/www/viridiandesign.org/webdocs/notes/1-75 Note 00073.txt
2001.03.27 12:43 B C:\Documents and Settings\jonl\My Documents\jonl\viridiandesign\notes\1-75\Note 00074.txt --> viridiandesign.org /export/www/viridiandesign.org/webdocs/notes/1-75 Note 00074.txt
2001.03.27 12:43 B C:\Documents and Settings\jonl\My Documents\jonl\viridiandesign\notes\1-75\Note 00075.txt --> viridiandesign.org /export/www/viridiandesign.org/webdocs/notes/1-75 Note 00075.txt
